<?xml version="1.0" encoding="UTF-8"?>
<!-- Generated by org.testng.reporters.JUnitReportReporter -->
<testsuite hostname="DESKTOP-6SV49MU" failures="0" tests="1" name="test.fluint_wait" time="9.019" errors="0" timestamp="2024-05-04T11:27:43 IST" skipped="0">
  <testcase classname="test.fluint_wait" name="fluentwait" time="9.019"/>
  <system-out/>
</testsuite> <!-- test.fluint_wait -->
