<?xml version="1.0" encoding="UTF-8"?>
<!-- Generated by org.testng.reporters.JUnitReportReporter -->
<testsuite hostname="DESKTOP-6SV49MU" failures="0" tests="1" name="test.loginpage" time="13.806" errors="0" timestamp="2024-05-12T19:04:57 IST" skipped="0">
  <testcase classname="test.loginpage" name="verifyuser" time="13.806"/>
  <system-out/>
</testsuite> <!-- test.loginpage -->
