<?xml version="1.0" encoding="UTF-8"?>
<!-- Generated by org.testng.reporters.JUnitReportReporter -->
<testsuite hostname="DESKTOP-6SV49MU" failures="0" tests="1" name="test.List" time="8.361" errors="0" timestamp="2024-05-11T11:58:27 IST" skipped="0">
  <testcase classname="test.List" name="get" time="8.361"/>
  <system-out/>
</testsuite> <!-- test.List -->
