<?xml version="1.0" encoding="UTF-8"?>
<!-- Generated by org.testng.reporters.JUnitReportReporter -->
<testsuite hostname="DESKTOP-6SV49MU" failures="0" tests="1" name="test.expilcit_wait" time="10.072" errors="0" timestamp="2024-05-04T11:24:52 IST" skipped="0">
  <testcase classname="test.expilcit_wait" name="get" time="10.072"/>
  <system-out/>
</testsuite> <!-- test.expilcit_wait -->
