<?xml version="1.0" encoding="UTF-8"?>
<!-- Generated by org.testng.reporters.JUnitReportReporter -->
<testsuite hostname="DESKTOP-6SV49MU" failures="0" tests="1" name="test.screenshot" time="18.047" errors="0" timestamp="2024-05-11T12:05:27 IST" skipped="0">
  <testcase classname="test.screenshot" name="get" time="18.047"/>
  <system-out/>
</testsuite> <!-- test.screenshot -->
