<?xml version="1.0" encoding="UTF-8"?>
<!-- Generated by org.testng.reporters.JUnitReportReporter -->
<testsuite hostname="DESKTOP-6SV49MU" failures="0" tests="1" name="test.ExcelRead" time="27.333" errors="0" timestamp="2024-05-12T10:45:46 IST" skipped="0">
  <testcase classname="test.ExcelRead" name="get" time="27.333"/>
  <system-out/>
</testsuite> <!-- test.ExcelRead -->
