<?xml version="1.0" encoding="UTF-8"?>
<!-- Generated by org.testng.reporters.JUnitReportReporter -->
<testsuite hostname="DESKTOP-6SV49MU" failures="0" tests="6" name="test.First_page" time="18.339" errors="0" timestamp="2024-05-18T18:00:24 IST" skipped="0">
  <testcase classname="test.First_page" name="lg" time="15.857"/>
  <system-out/>
  <testcase classname="test.First_page" name="login" time="0.466"/>
  <system-out/>
  <testcase classname="test.First_page" name="inventory" time="0.438"/>
  <system-out/>
  <testcase classname="test.First_page" name="cart" time="0.238"/>
  <system-out/>
  <testcase classname="test.First_page" name="checkout" time="0.752"/>
  <system-out/>
  <testcase classname="test.First_page" name="complete" time="0.588"/>
  <system-out/>
</testsuite> <!-- test.First_page -->
