<?xml version="1.0" encoding="UTF-8"?>
<!-- Generated by org.testng.reporters.JUnitReportReporter -->
<testsuite hostname="DESKTOP-6SV49MU" failures="0" tests="1" name="test.window" time="7.553" errors="0" timestamp="2024-05-11T12:14:43 IST" skipped="0">
  <testcase classname="test.window" name="get" time="7.553"/>
  <system-out/>
</testsuite> <!-- test.window -->
