<?xml version="1.0" encoding="UTF-8"?>
<!-- Generated by org.testng.reporters.JUnitReportReporter -->
<testsuite hostname="DESKTOP-6SV49MU" failures="0" tests="6" name="test.Capston" time="39.078" errors="0" timestamp="2024-06-24T17:05:00 IST" skipped="0">
  <testcase classname="test.Capston" name="cart" time="3.420"/>
  <system-out/>
  <testcase classname="test.Capston" name="checkout" time="7.017"/>
  <system-out/>
  <testcase classname="test.Capston" name="inventory" time="3.661"/>
  <system-out/>
  <testcase classname="test.Capston" name="complete" time="6.861"/>
  <system-out/>
  <testcase classname="test.Capston" name="verifylogin" time="17.658"/>
  <system-out/>
  <testcase classname="test.Capston" name="login" time="0.461"/>
  <system-out/>
</testsuite> <!-- test.Capston -->
