<?xml version="1.0" encoding="UTF-8"?>
<!-- Generated by org.testng.reporters.JUnitReportReporter -->
<testsuite hostname="DESKTOP-6SV49MU" failures="0" tests="1" name="test.Implicit_wait" time="8.471" errors="0" timestamp="2024-05-04T11:18:20 IST" skipped="0">
  <testcase classname="test.Implicit_wait" name="get" time="8.471"/>
  <system-out/>
</testsuite> <!-- test.Implicit_wait -->
