<?xml version="1.0" encoding="UTF-8"?>
<!-- Generated by org.testng.reporters.JUnitReportReporter -->
<testsuite hostname="DESKTOP-6SV49MU" failures="0" tests="1" name="test.scrolling" time="12.786" errors="0" timestamp="2024-05-11T11:18:39 IST" skipped="0">
  <testcase classname="test.scrolling" name="get" time="12.786"/>
  <system-out/>
</testsuite> <!-- test.scrolling -->
