<?xml version="1.0" encoding="UTF-8"?>
<!-- Generated by org.testng.reporters.JUnitReportReporter -->
<testsuite hostname="DESKTOP-6SV49MU" failures="0" tests="1" name="test.Frames" time="15.679" errors="0" timestamp="2024-05-11T11:41:27 IST" skipped="0">
  <testcase classname="test.Frames" name="get" time="15.679"/>
  <system-out/>
</testsuite> <!-- test.Frames -->
