<?xml version="1.0" encoding="UTF-8"?>
<!-- Generated by org.testng.reporters.JUnitReportReporter -->
<testsuite hostname="DESKTOP-6SV49MU" failures="0" tests="1" name="test.DragandDrop" time="4.824" errors="0" timestamp="2024-05-11T11:49:31 IST" skipped="0">
  <testcase classname="test.DragandDrop" name="get" time="4.824"/>
  <system-out/>
</testsuite> <!-- test.DragandDrop -->
