<?xml version="1.0" encoding="UTF-8"?>
<!-- Generated by org.testng.reporters.JUnitReportReporter -->
<testsuite hostname="DESKTOP-6SV49MU" failures="0" tests="1" name="test.Dropdown" time="10.947" errors="0" timestamp="2024-05-04T11:14:39 IST" skipped="0">
  <testcase classname="test.Dropdown" name="get" time="10.947"/>
  <system-out/>
</testsuite> <!-- test.Dropdown -->
